{"numTotalTestSuites":9,"numPassedTestSuites":9,"numFailedTestSuites":0,"numPendingTestSuites":0,"numTotalTests":38,"numPassedTests":38,"numFailedTests":0,"numPendingTests":0,"numTodoTests":0,"startTime":1763269504858,"success":true,"testResults":[{"assertionResults":[{"ancestorTitles":["","Authentication API Tests - Axios"],"fullName":" Authentication API Tests - Axios POST /auth/login - successful login with valid credentials","status":"passed","title":"POST /auth/login - successful login with valid credentials","duration":199,"failureMessages":[]},{"ancestorTitles":["","Authentication API Tests - Axios"],"fullName":" Authentication API Tests - Axios POST /auth/login - login with different user","status":"passed","title":"POST /auth/login - login with different user","duration":132,"failureMessages":[]},{"ancestorTitles":["","Authentication API Tests - Axios"],"fullName":" Authentication API Tests - Axios POST /auth/login - fail with invalid credentials","status":"passed","title":"POST /auth/login - fail with invalid credentials","duration":109,"failureMessages":[]},{"ancestorTitles":["","Authentication API Tests - Axios"],"fullName":" Authentication API Tests - Axios POST /auth/login - fail with missing username","status":"passed","title":"POST /auth/login - fail with missing username","duration":70,"failureMessages":[]},{"ancestorTitles":["","Authentication API Tests - Axios"],"fullName":" Authentication API Tests - Axios POST /auth/login - fail with missing password","status":"passed","title":"POST /auth/login - fail with missing password","duration":70,"failureMessages":[]},{"ancestorTitles":["","Authentication API Tests - Axios"],"fullName":" Authentication API Tests - Axios POST /auth/login - fail with empty credentials","status":"passed","title":"POST /auth/login - fail with empty credentials","duration":71,"failureMessages":[]},{"ancestorTitles":["","Authentication API Tests - Axios"],"fullName":" Authentication API Tests - Axios POST /auth/login - verify token format","status":"passed","title":"POST /auth/login - verify token format","duration":110,"failureMessages":[]},{"ancestorTitles":["","Authentication API Tests - Supertest"],"fullName":" Authentication API Tests - Supertest POST /auth/login - supertest successful login","status":"passed","title":"POST /auth/login - supertest successful login","duration":163,"failureMessages":[]},{"ancestorTitles":["","Authentication API Tests - Supertest"],"fullName":" Authentication API Tests - Supertest POST /auth/login - supertest invalid credentials","status":"passed","title":"POST /auth/login - supertest invalid credentials","duration":258,"failureMessages":[]},{"ancestorTitles":["","Authentication API Tests - Supertest"],"fullName":" Authentication API Tests - Supertest POST /auth/login - supertest verify response structure","status":"passed","title":"POST /auth/login - supertest verify response structure","duration":224,"failureMessages":[]}],"startTime":1763269505171,"endTime":1763269506577,"status":"passed","message":"","name":"/Users/dustinbraun/Career/saucedemo-api-automation/supertest/src/tests/auth.test.ts"},{"assertionResults":[{"ancestorTitles":["","Cart API Tests - Axios"],"fullName":" Cart API Tests - Axios GET /carts - retrieve all carts","status":"passed","title":"GET /carts - retrieve all carts","duration":80,"failureMessages":[]},{"ancestorTitles":["","Cart API Tests - Axios"],"fullName":" Cart API Tests - Axios GET /carts/:id - retrieve single cart by ID","status":"passed","title":"GET /carts/:id - retrieve single cart by ID","duration":73,"failureMessages":[]},{"ancestorTitles":["","Cart API Tests - Axios"],"fullName":" Cart API Tests - Axios GET /carts/:id - fail with non-existent cart ID","status":"passed","title":"GET /carts/:id - fail with non-existent cart ID","duration":73,"failureMessages":[]},{"ancestorTitles":["","Cart API Tests - Axios"],"fullName":" Cart API Tests - Axios GET /carts/user/:userId - retrieve carts by user ID","status":"passed","title":"GET /carts/user/:userId - retrieve carts by user ID","duration":66,"failureMessages":[]},{"ancestorTitles":["","Cart API Tests - Axios"],"fullName":" Cart API Tests - Axios POST /carts/add - add a new cart","status":"passed","title":"POST /carts/add - add a new cart","duration":67,"failureMessages":[]},{"ancestorTitles":["","Cart API Tests - Axios"],"fullName":" Cart API Tests - Axios POST /carts/add - add cart with single product","status":"passed","title":"POST /carts/add - add cart with single product","duration":67,"failureMessages":[]},{"ancestorTitles":["","Cart API Tests - Axios"],"fullName":" Cart API Tests - Axios PUT /carts/:id - update an existing cart","status":"passed","title":"PUT /carts/:id - update an existing cart","duration":64,"failureMessages":[]},{"ancestorTitles":["","Cart API Tests - Axios"],"fullName":" Cart API Tests - Axios DELETE /carts/:id - delete a cart","status":"passed","title":"DELETE /carts/:id - delete a cart","duration":70,"failureMessages":[]},{"ancestorTitles":["","Cart API Tests - Axios"],"fullName":" Cart API Tests - Axios Validate cart schema fields","status":"passed","title":"Validate cart schema fields","duration":74,"failureMessages":[]},{"ancestorTitles":["","Cart API Tests - Axios"],"fullName":" Cart API Tests - Axios Cart workflow - login, add to cart, retrieve","status":"passed","title":"Cart workflow - login, add to cart, retrieve","duration":256,"failureMessages":[]},{"ancestorTitles":["","Cart API Tests - Supertest"],"fullName":" Cart API Tests - Supertest GET /carts - supertest retrieve all carts","status":"passed","title":"GET /carts - supertest retrieve all carts","duration":205,"failureMessages":[]},{"ancestorTitles":["","Cart API Tests - Supertest"],"fullName":" Cart API Tests - Supertest GET /carts/:id - supertest retrieve single cart","status":"passed","title":"GET /carts/:id - supertest retrieve single cart","duration":126,"failureMessages":[]},{"ancestorTitles":["","Cart API Tests - Supertest"],"fullName":" Cart API Tests - Supertest POST /carts/add - supertest add new cart","status":"passed","title":"POST /carts/add - supertest add new cart","duration":138,"failureMessages":[]},{"ancestorTitles":["","Cart API Tests - Supertest"],"fullName":" Cart API Tests - Supertest DELETE /carts/:id - supertest delete cart","status":"passed","title":"DELETE /carts/:id - supertest delete cart","duration":193,"failureMessages":[]}],"startTime":1763269505371,"endTime":1763269506923,"status":"passed","message":"","name":"/Users/dustinbraun/Career/saucedemo-api-automation/supertest/src/tests/cart.test.ts"},{"assertionResults":[{"ancestorTitles":["","Inventory/Products API Tests - Axios"],"fullName":" Inventory/Products API Tests - Axios GET /products - retrieve all products","status":"passed","title":"GET /products - retrieve all products","duration":117,"failureMessages":[]},{"ancestorTitles":["","Inventory/Products API Tests - Axios"],"fullName":" Inventory/Products API Tests - Axios GET /products/:id - retrieve single product by ID","status":"passed","title":"GET /products/:id - retrieve single product by ID","duration":21,"failureMessages":[]},{"ancestorTitles":["","Inventory/Products API Tests - Axios"],"fullName":" Inventory/Products API Tests - Axios GET /products/:id - retrieve different product","status":"passed","title":"GET /products/:id - retrieve different product","duration":67,"failureMessages":[]},{"ancestorTitles":["","Inventory/Products API Tests - Axios"],"fullName":" Inventory/Products API Tests - Axios GET /products/:id - fail with non-existent product ID","status":"passed","title":"GET /products/:id - fail with non-existent product ID","duration":69,"failureMessages":[]},{"ancestorTitles":["","Inventory/Products API Tests - Axios"],"fullName":" Inventory/Products API Tests - Axios GET /products/search - search for products","status":"passed","title":"GET /products/search - search for products","duration":72,"failureMessages":[]},{"ancestorTitles":["","Inventory/Products API Tests - Axios"],"fullName":" Inventory/Products API Tests - Axios GET /products?limit - retrieve limited products","status":"passed","title":"GET /products?limit - retrieve limited products","duration":74,"failureMessages":[]},{"ancestorTitles":["","Inventory/Products API Tests - Axios"],"fullName":" Inventory/Products API Tests - Axios GET /products?skip&limit - pagination test","status":"passed","title":"GET /products?skip&limit - pagination test","duration":72,"failureMessages":[]},{"ancestorTitles":["","Inventory/Products API Tests - Axios"],"fullName":" Inventory/Products API Tests - Axios GET /products/categories - retrieve all product categories","status":"passed","title":"GET /products/categories - retrieve all product categories","duration":69,"failureMessages":[]},{"ancestorTitles":["","Inventory/Products API Tests - Axios"],"fullName":" Inventory/Products API Tests - Axios GET /products/category/:category - retrieve products by category","status":"passed","title":"GET /products/category/:category - retrieve products by category","duration":72,"failureMessages":[]},{"ancestorTitles":["","Inventory/Products API Tests - Axios"],"fullName":" Inventory/Products API Tests - Axios Validate product schema fields","status":"passed","title":"Validate product schema fields","duration":26,"failureMessages":[]},{"ancestorTitles":["","Inventory/Products API Tests - Supertest"],"fullName":" Inventory/Products API Tests - Supertest GET /products - supertest retrieve all products","status":"passed","title":"GET /products - supertest retrieve all products","duration":152,"failureMessages":[]},{"ancestorTitles":["","Inventory/Products API Tests - Supertest"],"fullName":" Inventory/Products API Tests - Supertest GET /products/:id - supertest retrieve single product","status":"passed","title":"GET /products/:id - supertest retrieve single product","duration":70,"failureMessages":[]},{"ancestorTitles":["","Inventory/Products API Tests - Supertest"],"fullName":" Inventory/Products API Tests - Supertest GET /products/search - supertest search products","status":"passed","title":"GET /products/search - supertest search products","duration":300,"failureMessages":[]},{"ancestorTitles":["","Inventory/Products API Tests - Supertest"],"fullName":" Inventory/Products API Tests - Supertest GET /products/:id - supertest non-existent product","status":"passed","title":"GET /products/:id - supertest non-existent product","duration":138,"failureMessages":[]}],"startTime":1763269505171,"endTime":1763269506491,"status":"passed","message":"","name":"/Users/dustinbraun/Career/saucedemo-api-automation/supertest/src/tests/inventory.test.ts"}]}